it|in|Dissasembly                                       :01234567890123456789012345678901234567890123456789
 0| 0|mov rcx, qword ptr [r15]                          :          |         |         |         |         
 0| 0|    TYPE_LOAD (1 uops)                            :s---deeeew----R-------p       |         |         
 0| 1|mov rcx, qword ptr [rcx+rbp*8]                    :          |         |         |         |         
 0| 1|    TYPE_LOAD (1 uops)                            :A--------sdeeeew----R-------p |         |         
 0| 2|mov rbx, qword ptr [r14]                          :          |         |         |         |         
 0| 2|    TYPE_LOAD (1 uops)                            :s---cdeeeew---------R-------p |         |         
 0| 3|mov rdx, qword ptr [rbx+0x8]                      :          |         |         |         |         
 0| 3|    TYPE_LOAD (1 uops)                            :A---------sdeeeew----R-------p|         |         
 0| 4|sub rdx, qword ptr [rbx]                          :          |         |         |         |         
 0| 4|    TYPE_LOAD (1 uops)                            : A--------sdeeeew----R-------p|         |         
 0| 4|    TYPE_OP (1 uops)                              : A--------------sdw----R-------p        |         
 0| 5|sar rdx, 0x3                                      :          |         |         |         |         
 0| 5|    TYPE_OP (1 uops)                              : A---------------sdw----R-------p       |         
 0| 6|add rdx, 0xffffffffffffffbf                       :          |         |         |         |         
 0| 6|    TYPE_OP (1 uops)                              : A----------------sdw----R-------p      |         
 0| 7|xorps xmm0, xmm0                                  :          |         |         |         |         
 0| 7|    TYPE_OP (1 uops)                              : w-----------------------R-------p      |         
 0| 8|cvtsi2sd xmm0, rcx                                :          |         |         |         |         
 0| 8|    TYPE_OP (2 uops)                              :  A------------sdeeew----R-------p      |         
 0| 9|movapd xmm1, xmm0                                 :          |         |         |         |         
 0| 9|    TYPE_OP (0 uops)                              :  A----------------w------R-------p     |         
 0|10|subsd xmm1, qword ptr [r14+0x18]                  :          |         |         |         |         
 0|10|    TYPE_LOAD (1 uops)                            :  s---deeeew--------------R-------p     |         
 0|10|    TYPE_OP (1 uops)                              :  A----------------sdeew----R-------p   |         
 0|11|mulsd xmm1, qword ptr [r14+0x20]                  :          |         |         |         |         
 0|11|    TYPE_LOAD (1 uops)                            :   s---deeeew---------------R-------p   |         
 0|11|    TYPE_OP (1 uops)                              :   A------------------sdeeeew----R-------p        
 0|12|cvttsd2si rdi, xmm1                               :          |         |         |         |         
 0|12|    TYPE_OP (2 uops)                              :   A-----------------------sdeeew----R-------p    
 0|13|xor esi, esi                                      :          |         |         |         |         
 0|13|    TYPE_OP (1 uops)                              :   w---------------------------------R-------p    
 0|14|mov rbx, qword ptr [rbx]                          :          |         |         |         |         
 0|14|    TYPE_LOAD (1 uops)                            :    A-----scdeeeew-------------------R-------p    
 0|15|cmp qword ptr [rbx+rdi*8+0x100], rcx              :          |         |         |         |         
 0|15|    TYPE_LOAD (1 uops)                            :    A--------------------------sdeeeew----R-------
 0|15|    TYPE_OP (1 uops)                              :    A--------------------------------sdw----R-----
 0|16|jnl 0x25                                          :          |         |         |         |         
 0|16|    TYPE_OP (0 uops)                              :    w---------------------------------------R-----
 0|17|lea rsi, ptr [rdi+0x1]                            :          |         |         |         |         
 0|17|    TYPE_OP (1 uops)                              :    A--------------------------sdw----------R-----
