it|in|Dissasembly                                       :01234567890123456789012345678901234567890123456789
 0| 0|mov rax, qword ptr [r15]                          :          |         |         |         |         
 0| 0|    TYPE_LOAD (1 uops)                            :s---deeeew----R-------p       |         |         
 0| 1|mov rdi, qword ptr [rax+r13*8]                    :          |         |         |         |         
 0| 1|    TYPE_LOAD (1 uops)                            :A--------sdeeeew----R-------p |         |         
 0| 2|mov rbp, qword ptr [r14]                          :          |         |         |         |         
 0| 2|    TYPE_LOAD (1 uops)                            :s---cdeeeew---------R-------p |         |         
 0| 3|mov rax, qword ptr [r14+0x8]                      :          |         |         |         |         
 0| 3|    TYPE_LOAD (1 uops)                            :s---deeeew----------R-------p |         |         
 0| 4|mov rbx, qword ptr [rbp+0x8]                      :          |         |         |         |         
 0| 4|    TYPE_LOAD (1 uops)                            : A--------sdeeeew----R-------p|         |         
 0| 5|sub rbx, qword ptr [rbp]                          :          |         |         |         |         
 0| 5|    TYPE_LOAD (1 uops)                            : A--------sdeeeew----R-------p|         |         
 0| 5|    TYPE_OP (1 uops)                              : A--------------sdw----R-------p        |         
 0| 6|sar rbx, 0x3                                      :          |         |         |         |         
 0| 6|    TYPE_OP (1 uops)                              : A---------------sdw----R-------p       |         
 0| 7|add rbx, 0xffffffffffffffbf                       :          |         |         |         |         
 0| 7|    TYPE_OP (1 uops)                              : A----------------sdw----R-------p      |         
 0| 8|mov rcx, qword ptr [rax]                          :          |         |         |         |         
 0| 8|    TYPE_LOAD (1 uops)                            :  A------sdeeeew---------R-------p      |         
 0| 9|mov rax, rdi                                      :          |         |         |         |         
 0| 9|    TYPE_OP (0 uops)                              :  A------------w---------R-------p      |         
 0|10|sub rax, qword ptr [rcx+0x100]                    :          |         |         |         |         
 0|10|    TYPE_LOAD (1 uops)                            :  A------------sdeeeew----R-------p     |         
 0|10|    TYPE_OP (1 uops)                              :  A------------------sdw----R-------p   |         
 0|11|mul qword ptr [r14+0x10]                          :          |         |         |         |         
 0|11|    TYPE_LOAD (1 uops)                            :  s---deeeew----------------R-------p   |         
 0|11|    TYPE_OP (1 uops)                              :  A-------------------sdeew----R-------p|         
 0|12|mov rcx, rdx                                      :          |         |         |         |         
 0|12|    TYPE_OP (0 uops)                              :   A---------------------w-----R-------p|         
 0|13|xor esi, esi                                      :          |         |         |         |         
 0|13|    TYPE_OP (1 uops)                              :   w---------------------------R-------p|         
 0|14|nop dword ptr [rax], eax                          :          |         |         |         |         
 0|15|mov rax, qword ptr [rbp]                          :          |         |         |         |         
 0|15|    TYPE_LOAD (1 uops)                            :   A------scdeeeew-------------R-------p|         
 0|16|cmp qword ptr [rax+rcx*8+0x100], rdi              :          |         |         |         |         
 0|16|    TYPE_LOAD (1 uops)                            :   A---------------------sdeeeew----R-------p     
 0|16|    TYPE_OP (1 uops)                              :    A--------------------------sdw----R-------p   
 0|17|jnl 0x24                                          :          |         |         |         |         
 0|17|    TYPE_OP (0 uops)                              :    w---------------------------------R-------p   
 0|18|lea rsi, ptr [rcx+0x1]                            :          |         |         |         |         
 0|18|    TYPE_OP (1 uops)                              :    A--------------------sdw----------R-------p   
